0 info it worked if it ends with ok
1 verbose cli [ 'D:\\softParts\\Nodejs\\node.exe',
1 verbose cli   'C:\\Users\\liangcheng\\AppData\\Roaming\\npm\\node_modules\\cnpm\\node_modules\\npm\\bin\\npm-cli.js',
1 verbose cli   '--userconfig=C:\\Users\\liangcheng\\.cnpmrc',
1 verbose cli   '--disturl=https://npm.taobao.org/mirrors/node',
1 verbose cli   '--registry=https://registry.npm.taobao.org',
1 verbose cli   'uninstall',
1 verbose cli   '--save-dev',
1 verbose cli   'gulp-clean' ]
2 info using npm@3.10.10
3 info using node@v6.10.3
4 silly loadCurrentTree Starting
5 silly install loadCurrentTree
6 silly install readLocalPackageData
7 silly install normalizeTree
8 verbose stack TypeError: Cannot read property 'length' of undefined
8 verbose stack     at C:\Users\liangcheng\AppData\Roaming\npm\node_modules\cnpm\node_modules\npm\lib\install.js:651:27
8 verbose stack     at Array.forEach (native)
8 verbose stack     at C:\Users\liangcheng\AppData\Roaming\npm\node_modules\cnpm\node_modules\npm\lib\install.js:650:19
8 verbose stack     at C:\Users\liangcheng\AppData\Roaming\npm\node_modules\cnpm\node_modules\npm\node_modules\iferr\index.js:13:50
8 verbose stack     at C:\Users\liangcheng\AppData\Roaming\npm\node_modules\cnpm\node_modules\npm\lib\install\deps.js:175:5
8 verbose stack     at LOOP (C:\Users\liangcheng\AppData\Roaming\npm\node_modules\cnpm\node_modules\npm\node_modules\slide\lib\chain.js:7:26)
8 verbose stack     at C:\Users\liangcheng\AppData\Roaming\npm\node_modules\cnpm\node_modules\npm\node_modules\slide\lib\chain.js:18:7
8 verbose stack     at cb (C:\Users\liangcheng\AppData\Roaming\npm\node_modules\cnpm\node_modules\npm\node_modules\slide\lib\async-map.js:47:24)
8 verbose stack     at C:\Users\liangcheng\AppData\Roaming\npm\node_modules\cnpm\node_modules\npm\lib\install\deps.js:175:5
8 verbose stack     at LOOP (C:\Users\liangcheng\AppData\Roaming\npm\node_modules\cnpm\node_modules\npm\node_modules\slide\lib\chain.js:7:26)
9 verbose cwd D:\devGulp\code\gulpdemo\gulp-jshint\src\script
10 error Windows_NT 10.0.14393
11 error argv "D:\\softParts\\Nodejs\\node.exe" "C:\\Users\\liangcheng\\AppData\\Roaming\\npm\\node_modules\\cnpm\\node_modules\\npm\\bin\\npm-cli.js" "--userconfig=C:\\Users\\liangcheng\\.cnpmrc" "--disturl=https://npm.taobao.org/mirrors/node" "--registry=https://registry.npm.taobao.org" "uninstall" "--save-dev" "gulp-clean"
12 error node v6.10.3
13 error npm  v3.10.10
14 error Cannot read property 'length' of undefined
15 error If you need help, you may report this error at:
15 error     <https://github.com/npm/npm/issues>
16 verbose exit [ 1, true ]
